[2026-03-23 16:49:59] Connected to LIDAR server at 100.109.145.53:12345
[2026-03-23 16:51:26] Connected to LIDAR server at 100.109.145.53:12345
[2026-03-23 16:51:57] STATUS: RIGHT BEF CONNECTING
[2026-03-23 16:51:57] Connected to LIDAR server at 100.109.145.53:12345
[2026-03-23 16:53:39] [lidar] Connection error: 0 bytes read on a total of 5 expected bytes
[2026-03-23 16:53:39] STATUS: RIGHT AFT CONNECTING
[2026-03-23 16:53:39] STATUS: None
[2026-03-23 16:53:39] ERROR: Could not connect to LIDAR on /dev/ttyUSB0
[2026-03-23 16:56:03] STATUS: RIGHT BEF CONNECTING
[2026-03-23 16:56:03] Connected to LIDAR server at 100.109.145.53:12345
[2026-03-23 16:56:11] [lidar] Connection error: 0 bytes read on a total of 5 expected bytes
[2026-03-23 16:56:11] STATUS: RIGHT AFT CONNECTING
[2026-03-23 16:56:11] STATUS: None
[2026-03-23 16:56:11] ERROR: Could not connect to LIDAR on /dev/ttyUSB0
[2026-03-30 14:20:43] STATUS: RIGHT BEF CONNECTING
[2026-03-30 14:20:43] [lidar] connect request port=/dev/ttyUSB0 baudrate=115200
[2026-03-30 14:20:43] Connected to LIDAR server at 100.109.145.53:12345
[2026-03-30 14:20:45] [lidar] Connected successfully, LIDAR ID: 16777216
[2026-03-30 14:20:45] STATUS: RIGHT AFT CONNECTING
[2026-03-30 14:20:45] STATUS: 16777216
[2026-03-30 14:20:45] [lidar] Failed to get scan mode for LIDAR 16777216, using default mode 2
[2026-03-30 14:20:45] STATUS: connected (mode 2)
[2026-03-30 14:22:13] [lidar] Error getting scan round: 3 bytes read on a total of 4 expected bytes
[2026-03-30 14:22:13] [lidar] Error disconnecting: 0 bytes read on a total of 1 expected bytes
[2026-03-30 14:22:34] STATUS: RIGHT BEF CONNECTING
[2026-03-30 14:22:34] [lidar] connect request port=/dev/ttyUSB0 baudrate=115200
[2026-03-30 14:22:34] Connected to LIDAR server at 100.109.145.53:12345
[2026-03-30 14:22:36] [lidar] Connected successfully, LIDAR ID: 1
[2026-03-30 14:22:36] STATUS: RIGHT AFT CONNECTING
[2026-03-30 14:22:36] STATUS: 1
[2026-03-30 14:22:36] STATUS: connected (mode 3)
[2026-03-30 14:22:38] STATUS: warming up 1/5
[2026-03-30 14:22:38] STATUS: warming up 2/5
[2026-03-30 14:22:38] STATUS: warming up 3/5
[2026-03-30 14:22:38] STATUS: warming up 4/5
[2026-03-30 14:22:38] STATUS: warming up 5/5
[2026-03-30 14:22:39] STATUS: live (215 pts)
[2026-03-30 14:22:39] STATUS: live (212 pts)
[2026-03-30 14:22:39] STATUS: live (218 pts)
[2026-03-30 14:22:39] STATUS: live (215 pts)
[2026-03-30 14:22:39] STATUS: live (219 pts)
[2026-03-30 14:22:39] STATUS: live (214 pts)
[2026-03-30 14:22:39] STATUS: live (220 pts)
[2026-03-30 14:22:40] STATUS: live (217 pts)
[2026-03-30 14:22:40] STATUS: live (213 pts)
[2026-03-30 14:22:40] STATUS: live (222 pts)
[2026-03-30 14:22:40] STATUS: live (214 pts)
[2026-03-30 14:22:40] STATUS: live (220 pts)
[2026-03-30 14:22:40] STATUS: live (220 pts)
[2026-03-30 14:22:40] STATUS: live (216 pts)
[2026-03-30 14:22:40] STATUS: live (211 pts)
[2026-03-30 14:22:41] STATUS: live (215 pts)
[2026-03-30 14:22:41] STATUS: live (212 pts)
[2026-03-30 14:22:41] STATUS: live (217 pts)
[2026-03-30 14:22:41] STATUS: live (214 pts)
[2026-03-30 14:22:41] STATUS: live (212 pts)
[2026-03-30 14:22:41] STATUS: live (212 pts)
[2026-03-30 14:22:41] STATUS: live (214 pts)
[2026-03-30 14:22:42] STATUS: live (218 pts)
[2026-03-30 14:22:42] STATUS: live (217 pts)
[2026-03-30 14:22:42] STATUS: live (209 pts)
[2026-03-30 14:22:42] STATUS: live (216 pts)
[2026-03-30 14:22:42] STATUS: live (217 pts)
[2026-03-30 14:22:42] STATUS: live (216 pts)
[2026-03-30 14:22:42] STATUS: live (221 pts)
[2026-03-30 14:22:42] STATUS: live (216 pts)
[2026-03-30 14:22:43] STATUS: live (214 pts)
[2026-03-30 14:22:43] STATUS: live (213 pts)
[2026-03-30 14:22:43] STATUS: live (215 pts)
[2026-03-30 14:22:43] STATUS: live (215 pts)
[2026-03-30 14:22:43] STATUS: live (216 pts)
[2026-03-30 14:22:43] STATUS: live (219 pts)
[2026-03-30 14:22:43] STATUS: live (220 pts)
[2026-03-30 14:22:44] STATUS: live (212 pts)
[2026-03-30 14:22:44] STATUS: live (211 pts)
[2026-03-30 14:22:44] STATUS: live (215 pts)
[2026-03-30 14:22:44] STATUS: live (212 pts)
[2026-03-30 14:22:44] STATUS: live (218 pts)
[2026-03-30 14:22:44] STATUS: live (216 pts)
[2026-03-30 14:22:44] STATUS: live (219 pts)
[2026-03-30 14:22:44] STATUS: live (219 pts)
[2026-03-30 14:22:45] STATUS: live (218 pts)
[2026-03-30 14:22:45] STATUS: live (222 pts)
[2026-03-30 14:22:45] STATUS: live (219 pts)
[2026-03-30 14:22:45] STATUS: live (223 pts)
[2026-03-30 14:22:45] STATUS: live (221 pts)
[2026-03-30 14:22:45] STATUS: live (205 pts)
[2026-03-30 14:22:45] STATUS: live (177 pts)
[2026-03-30 14:22:45] STATUS: live (154 pts)
[2026-03-30 14:22:46] STATUS: live (158 pts)
[2026-03-30 14:22:46] STATUS: live (154 pts)
[2026-03-30 14:22:46] STATUS: live (159 pts)
[2026-03-30 14:22:46] STATUS: live (173 pts)
[2026-03-30 14:22:46] STATUS: live (209 pts)
[2026-03-30 14:22:46] STATUS: live (221 pts)
[2026-03-30 14:22:46] STATUS: live (213 pts)
[2026-03-30 14:22:47] STATUS: live (187 pts)
[2026-03-30 14:22:47] STATUS: live (181 pts)
[2026-03-30 14:22:47] STATUS: live (198 pts)
[2026-03-30 14:22:47] STATUS: live (193 pts)
[2026-03-30 14:22:47] STATUS: live (186 pts)
[2026-03-30 14:22:47] STATUS: live (211 pts)
[2026-03-30 14:22:47] STATUS: live (215 pts)
[2026-03-30 14:22:47] STATUS: live (226 pts)
[2026-03-30 14:22:48] STATUS: live (234 pts)
[2026-03-30 14:22:48] STATUS: live (233 pts)
[2026-03-30 14:22:48] STATUS: live (240 pts)
[2026-03-30 14:22:48] STATUS: live (229 pts)
[2026-03-30 14:22:48] STATUS: live (228 pts)
[2026-03-30 14:22:48] STATUS: live (232 pts)
[2026-03-30 14:22:48] STATUS: live (225 pts)
[2026-03-30 14:22:49] STATUS: live (228 pts)
[2026-03-30 14:22:49] STATUS: live (230 pts)
[2026-03-30 14:22:49] STATUS: live (223 pts)
[2026-03-30 14:22:49] STATUS: live (231 pts)
[2026-03-30 14:22:49] STATUS: live (237 pts)
[2026-03-30 14:22:49] STATUS: live (234 pts)
[2026-03-30 14:22:49] STATUS: live (231 pts)
[2026-03-30 14:22:49] STATUS: live (227 pts)
[2026-03-30 14:22:50] STATUS: live (238 pts)
[2026-03-30 14:22:50] STATUS: live (235 pts)
[2026-03-30 14:22:50] STATUS: live (231 pts)
[2026-03-30 14:22:50] STATUS: live (233 pts)
[2026-03-30 14:22:50] STATUS: live (234 pts)
[2026-03-30 14:22:50] STATUS: live (232 pts)
[2026-03-30 14:22:50] STATUS: live (232 pts)
[2026-03-30 14:22:51] STATUS: live (230 pts)
[2026-03-30 14:22:51] STATUS: live (236 pts)
[2026-03-30 14:22:51] STATUS: live (235 pts)
[2026-03-30 14:22:51] STATUS: live (243 pts)
[2026-03-30 14:22:51] STATUS: live (239 pts)
[2026-03-30 14:22:51] STATUS: live (235 pts)
[2026-03-30 14:22:51] STATUS: live (240 pts)
[2026-03-30 14:22:51] STATUS: live (237 pts)
[2026-03-30 14:22:52] STATUS: live (241 pts)
[2026-03-30 14:22:52] STATUS: live (233 pts)
[2026-03-30 14:22:52] STATUS: live (240 pts)
[2026-03-30 14:22:52] STATUS: live (241 pts)
[2026-03-30 14:22:52] STATUS: live (242 pts)
[2026-03-30 14:22:52] STATUS: live (241 pts)
[2026-03-30 14:22:52] STATUS: live (237 pts)
[2026-03-30 14:22:53] STATUS: live (244 pts)
[2026-03-30 14:22:53] STATUS: live (243 pts)
[2026-03-30 14:22:53] STATUS: live (239 pts)
[2026-03-30 14:22:53] STATUS: live (237 pts)
[2026-03-30 14:22:53] STATUS: live (241 pts)
[2026-03-30 14:22:53] STATUS: live (240 pts)
[2026-03-30 14:22:53] STATUS: live (247 pts)
[2026-03-30 14:22:53] STATUS: live (238 pts)
[2026-03-30 14:22:54] STATUS: live (245 pts)
[2026-03-30 14:22:54] STATUS: live (246 pts)
[2026-03-30 14:22:54] STATUS: live (246 pts)
[2026-03-30 14:22:54] STATUS: live (247 pts)
[2026-03-30 14:22:54] STATUS: live (246 pts)
[2026-03-30 14:22:54] STATUS: live (241 pts)
[2026-03-30 14:22:54] STATUS: live (238 pts)
[2026-03-30 14:22:54] STATUS: live (245 pts)
[2026-03-30 14:22:55] STATUS: live (253 pts)
[2026-03-30 14:22:55] STATUS: live (250 pts)
[2026-03-30 14:22:55] STATUS: live (249 pts)
[2026-03-30 14:22:55] STATUS: live (207 pts)
[2026-03-30 14:22:55] STATUS: live (252 pts)
[2026-03-30 14:22:55] STATUS: live (257 pts)
[2026-03-30 14:22:55] STATUS: live (266 pts)
[2026-03-30 14:22:56] STATUS: live (268 pts)
[2026-03-30 14:22:56] STATUS: live (275 pts)
[2026-03-30 14:22:56] STATUS: live (276 pts)
[2026-03-30 14:22:56] STATUS: live (273 pts)
[2026-03-30 14:22:56] STATUS: live (268 pts)
[2026-03-30 14:22:56] STATUS: live (266 pts)
[2026-03-30 14:22:56] STATUS: live (268 pts)
[2026-03-30 14:22:56] STATUS: live (271 pts)
[2026-03-30 14:22:57] STATUS: live (273 pts)
[2026-03-30 14:22:57] STATUS: live (267 pts)
[2026-03-30 14:22:57] STATUS: live (271 pts)
[2026-03-30 14:22:57] STATUS: live (271 pts)
[2026-03-30 14:22:57] STATUS: live (270 pts)
[2026-03-30 14:22:57] STATUS: live (269 pts)
[2026-03-30 14:22:57] STATUS: live (271 pts)
[2026-03-30 14:22:58] STATUS: live (259 pts)
[2026-03-30 14:22:58] STATUS: live (260 pts)
[2026-03-30 14:22:58] STATUS: live (267 pts)
[2026-03-30 14:22:58] STATUS: live (268 pts)
[2026-03-30 14:22:58] STATUS: live (266 pts)
[2026-03-30 14:22:58] STATUS: live (266 pts)
[2026-03-30 14:22:58] STATUS: live (270 pts)
[2026-03-30 14:22:58] STATUS: live (268 pts)
[2026-03-30 14:22:59] STATUS: live (269 pts)
[2026-03-30 14:22:59] STATUS: live (268 pts)
[2026-03-30 14:22:59] STATUS: live (270 pts)
[2026-03-30 14:22:59] STATUS: live (262 pts)
[2026-03-30 14:22:59] STATUS: live (267 pts)
[2026-03-30 14:22:59] STATUS: live (270 pts)
[2026-03-30 14:22:59] STATUS: live (271 pts)
[2026-03-30 14:23:00] STATUS: live (267 pts)
[2026-03-30 14:23:00] STATUS: live (268 pts)
[2026-03-30 14:23:00] STATUS: live (260 pts)
[2026-03-30 14:23:00] STATUS: live (270 pts)
[2026-03-30 14:23:00] STATUS: live (269 pts)
[2026-03-30 14:23:00] STATUS: live (266 pts)
[2026-03-30 14:23:00] STATUS: live (267 pts)
[2026-03-30 14:23:00] STATUS: live (275 pts)
[2026-03-30 14:23:01] STATUS: live (262 pts)
[2026-03-30 14:23:01] STATUS: live (258 pts)
[2026-03-30 14:23:01] STATUS: live (223 pts)
[2026-03-30 14:23:01] STATUS: live (219 pts)
[2026-03-30 14:23:01] STATUS: live (215 pts)
[2026-03-30 14:23:01] STATUS: live (218 pts)
[2026-03-30 14:23:01] STATUS: live (222 pts)
[2026-03-30 14:23:02] STATUS: live (249 pts)
[2026-03-30 14:23:02] STATUS: live (284 pts)
[2026-03-30 14:23:02] STATUS: live (303 pts)
[2026-03-30 14:23:02] STATUS: live (315 pts)
[2026-03-30 14:23:02] STATUS: live (311 pts)
[2026-03-30 14:23:02] STATUS: live (304 pts)
[2026-03-30 14:23:02] STATUS: live (290 pts)
[2026-03-30 14:23:02] STATUS: live (289 pts)
[2026-03-30 14:23:03] STATUS: live (256 pts)
[2026-03-30 14:23:03] STATUS: live (232 pts)
[2026-03-30 14:23:03] STATUS: live (256 pts)
[2026-03-30 14:23:03] STATUS: live (237 pts)
[2026-03-30 14:23:03] STATUS: live (249 pts)
[2026-03-30 14:23:03] STATUS: live (263 pts)
[2026-03-30 14:23:03] STATUS: live (250 pts)
[2026-03-30 14:23:03] STATUS: live (247 pts)
[2026-03-30 14:23:04] STATUS: live (245 pts)
[2026-03-30 14:23:04] STATUS: live (253 pts)
[2026-03-30 14:23:04] STATUS: live (260 pts)
[2026-03-30 14:23:04] STATUS: live (266 pts)
[2026-03-30 14:23:04] STATUS: live (270 pts)
[2026-03-30 14:23:04] STATUS: live (265 pts)
[2026-03-30 14:23:04] STATUS: live (276 pts)
[2026-03-30 14:23:05] STATUS: live (286 pts)
[2026-03-30 14:23:05] STATUS: live (283 pts)
[2026-03-30 14:23:05] STATUS: live (279 pts)
[2026-03-30 14:23:05] STATUS: live (296 pts)
[2026-03-30 14:23:05] STATUS: live (292 pts)
[2026-03-30 14:23:05] STATUS: live (296 pts)
[2026-03-30 14:23:05] STATUS: live (293 pts)
[2026-03-30 14:23:05] STATUS: live (290 pts)
[2026-03-30 14:23:06] STATUS: live (297 pts)
[2026-03-30 14:23:06] STATUS: live (285 pts)
[2026-03-30 14:23:06] STATUS: live (295 pts)
[2026-03-30 14:23:06] STATUS: live (290 pts)
[2026-03-30 14:23:06] STATUS: live (271 pts)
[2026-03-30 14:23:06] STATUS: live (268 pts)
[2026-03-30 14:23:06] STATUS: live (259 pts)
[2026-03-30 14:23:07] STATUS: live (260 pts)
[2026-03-30 14:23:07] STATUS: live (260 pts)
[2026-03-30 14:23:07] STATUS: live (257 pts)
[2026-03-30 14:23:07] STATUS: live (253 pts)
[2026-03-30 14:23:07] STATUS: live (251 pts)
[2026-03-30 14:23:07] STATUS: live (249 pts)
[2026-03-30 14:23:07] STATUS: live (249 pts)
[2026-03-30 14:23:07] STATUS: live (263 pts)
[2026-03-30 14:23:08] STATUS: live (267 pts)
[2026-03-30 14:23:08] STATUS: live (280 pts)
[2026-03-30 14:23:08] STATUS: live (272 pts)
[2026-03-30 14:23:08] STATUS: live (272 pts)
[2026-03-30 14:23:08] STATUS: live (270 pts)
[2026-03-30 14:23:08] STATUS: live (266 pts)
[2026-03-30 14:23:08] STATUS: live (265 pts)
[2026-03-30 14:23:09] STATUS: live (267 pts)
[2026-03-30 14:23:09] STATUS: live (267 pts)
[2026-03-30 14:23:09] STATUS: live (265 pts)
[2026-03-30 14:23:09] STATUS: live (265 pts)
[2026-03-30 14:23:09] STATUS: live (265 pts)
[2026-03-30 14:23:09] STATUS: live (264 pts)
[2026-03-30 14:23:09] STATUS: live (257 pts)
[2026-03-30 14:23:09] STATUS: live (262 pts)
[2026-03-30 14:23:10] STATUS: live (253 pts)
[2026-03-30 14:23:10] STATUS: live (251 pts)
[2026-03-30 14:23:10] STATUS: live (233 pts)
[2026-03-30 14:23:10] STATUS: live (232 pts)
[2026-03-30 14:23:10] STATUS: live (237 pts)
[2026-03-30 14:23:10] STATUS: live (242 pts)
[2026-03-30 14:23:10] STATUS: live (252 pts)
[2026-03-30 14:23:11] STATUS: live (252 pts)
[2026-03-30 14:23:11] STATUS: live (231 pts)
[2026-03-30 14:23:11] STATUS: live (251 pts)
[2026-03-30 14:23:11] STATUS: live (259 pts)
[2026-03-30 14:23:11] STATUS: live (267 pts)
[2026-03-30 14:23:11] STATUS: live (270 pts)
[2026-03-30 14:23:11] STATUS: live (261 pts)
[2026-03-30 14:23:11] STATUS: live (259 pts)
[2026-03-30 14:23:12] STATUS: live (251 pts)
[2026-03-30 14:23:12] STATUS: live (249 pts)
[2026-03-30 14:23:12] STATUS: live (254 pts)
[2026-03-30 14:23:12] STATUS: live (252 pts)
[2026-03-30 14:23:12] STATUS: live (249 pts)
[2026-03-30 14:23:12] STATUS: live (250 pts)
[2026-03-30 14:23:12] STATUS: live (249 pts)
[2026-03-30 14:23:13] STATUS: live (247 pts)
[2026-03-30 14:23:13] STATUS: live (251 pts)
[2026-03-30 14:23:13] STATUS: live (246 pts)
[2026-03-30 14:23:13] STATUS: live (251 pts)
[2026-03-30 14:23:13] STATUS: live (249 pts)
[2026-03-30 14:23:13] STATUS: live (249 pts)
[2026-03-30 14:23:14] STATUS: live (250 pts)
[2026-03-30 14:23:14] STATUS: live (197 pts)
[2026-03-30 14:23:14] STATUS: reusing previous (93 pts)
[2026-03-30 14:23:14] STATUS: reusing previous (47 pts)
[2026-03-30 14:23:14] STATUS: reusing previous (101 pts)
[2026-03-30 14:23:14] STATUS: reusing previous (97 pts)
[2026-03-30 14:23:14] STATUS: reusing previous (47 pts)
[2026-03-30 14:23:14] STATUS: reusing previous (52 pts)
[2026-03-30 14:23:15] STATUS: reusing previous (48 pts)
[2026-03-30 14:23:15] STATUS: reusing previous (73 pts)
[2026-03-30 14:23:15] STATUS: reusing previous (102 pts)
[2026-03-30 14:23:15] STATUS: reusing previous (113 pts)
[2026-03-30 14:23:15] STATUS: reusing previous (29 pts)
[2026-03-30 14:23:15] STATUS: reusing previous (69 pts)
[2026-03-30 14:23:15] STATUS: reusing previous (53 pts)
[2026-03-30 14:23:15] STATUS: reusing previous (89 pts)
[2026-03-30 14:23:15] STATUS: reusing previous (77 pts)
[2026-03-30 14:23:16] STATUS: reusing previous (56 pts)
[2026-03-30 14:23:16] STATUS: reusing previous (67 pts)
[2026-03-30 14:23:16] STATUS: reusing previous (59 pts)
[2026-03-30 14:23:16] STATUS: reusing previous (100 pts)
[2026-03-30 14:23:16] STATUS: reusing previous (65 pts)
[2026-03-30 14:23:16] STATUS: reusing previous (137 pts)
[2026-03-30 14:23:17] STATUS: reusing previous (47 pts)
[2026-03-30 14:23:17] STATUS: reusing previous (84 pts)
[2026-03-30 14:23:17] STATUS: reusing previous (57 pts)
[2026-03-30 14:23:17] STATUS: reusing previous (42 pts)
[2026-03-30 14:23:17] STATUS: reusing previous (19 pts)
[2026-03-30 14:23:17] STATUS: reusing previous (15 pts)
[2026-03-30 14:23:17] STATUS: reusing previous (21 pts)
[2026-03-30 14:23:17] STATUS: reusing previous (34 pts)
[2026-03-30 14:23:17] STATUS: reusing previous (37 pts)
[2026-03-30 14:23:17] STATUS: reusing previous (29 pts)
[2026-03-30 14:23:17] STATUS: reusing previous (12 pts)
[2026-03-30 14:23:17] STATUS: reusing previous (24 pts)
[2026-03-30 14:23:17] STATUS: reusing previous (44 pts)
[2026-03-30 14:23:17] STATUS: reusing previous (31 pts)
[2026-03-30 14:23:18] STATUS: reusing previous (23 pts)
[2026-03-30 14:23:18] STATUS: reusing previous (11 pts)
[2026-03-30 14:23:18] STATUS: reusing previous (51 pts)
[2026-03-30 14:23:18] STATUS: reusing previous (46 pts)
[2026-03-30 14:23:18] STATUS: reusing previous (39 pts)
[2026-03-30 14:23:18] STATUS: reusing previous (52 pts)
[2026-03-30 14:23:18] STATUS: reusing previous (37 pts)
[2026-03-30 14:23:18] STATUS: reusing previous (14 pts)
[2026-03-30 14:23:18] STATUS: reusing previous (63 pts)
[2026-03-30 14:23:18] STATUS: reusing previous (41 pts)
[2026-03-30 14:23:18] STATUS: reusing previous (52 pts)
[2026-03-30 14:23:18] STATUS: reusing previous (49 pts)
[2026-03-30 14:23:18] STATUS: reusing previous (42 pts)
[2026-03-30 14:23:18] STATUS: reusing previous (53 pts)
[2026-03-30 14:23:18] STATUS: reusing previous (30 pts)
[2026-03-30 14:23:18] STATUS: reusing previous (50 pts)
[2026-03-30 14:23:18] STATUS: reusing previous (42 pts)
[2026-03-30 14:23:18] STATUS: reusing previous (60 pts)
[2026-03-30 14:23:18] STATUS: reusing previous (66 pts)
[2026-03-30 14:23:18] STATUS: reusing previous (25 pts)
[2026-03-30 14:23:18] STATUS: reusing previous (56 pts)
[2026-03-30 14:23:18] STATUS: reusing previous (52 pts)
[2026-03-30 14:23:18] STATUS: reusing previous (56 pts)
[2026-03-30 14:23:18] STATUS: reusing previous (33 pts)
[2026-03-30 14:23:18] STATUS: reusing previous (42 pts)
[2026-03-30 14:23:18] STATUS: reusing previous (23 pts)
[2026-03-30 14:23:18] STATUS: reusing previous (58 pts)
[2026-03-30 14:23:19] STATUS: reusing previous (67 pts)
[2026-03-30 14:23:19] STATUS: reusing previous (69 pts)
[2026-03-30 14:23:19] STATUS: reusing previous (23 pts)
[2026-03-30 14:23:19] STATUS: reusing previous (37 pts)
[2026-03-30 14:23:19] STATUS: reusing previous (31 pts)
[2026-03-30 14:23:19] STATUS: reusing previous (50 pts)
[2026-03-30 14:23:19] STATUS: reusing previous (32 pts)
[2026-03-30 14:23:19] STATUS: reusing previous (62 pts)
[2026-03-30 14:23:19] STATUS: reusing previous (31 pts)
[2026-03-30 14:23:19] STATUS: reusing previous (34 pts)
[2026-03-30 14:23:19] STATUS: reusing previous (40 pts)
[2026-03-30 14:23:19] STATUS: reusing previous (50 pts)
[2026-03-30 14:23:19] STATUS: reusing previous (20 pts)
[2026-03-30 14:23:19] STATUS: reusing previous (59 pts)
[2026-03-30 14:23:19] STATUS: reusing previous (36 pts)
[2026-03-30 14:23:19] STATUS: reusing previous (22 pts)
[2026-03-30 14:23:19] STATUS: reusing previous (41 pts)
[2026-03-30 14:23:19] STATUS: reusing previous (59 pts)
[2026-03-30 14:23:19] STATUS: reusing previous (110 pts)
[2026-03-30 14:23:19] STATUS: live (175 pts)
[2026-03-30 14:23:19] STATUS: reusing previous (105 pts)
[2026-03-30 14:23:19] STATUS: reusing previous (47 pts)
[2026-03-30 14:23:19] STATUS: live (150 pts)
[2026-03-30 14:23:19] STATUS: reusing previous (141 pts)
[2026-03-30 14:23:19] STATUS: reusing previous (68 pts)
[2026-03-30 14:23:20] STATUS: reusing previous (55 pts)
[2026-03-30 14:23:20] STATUS: reusing previous (66 pts)
[2026-03-30 14:23:20] STATUS: reusing previous (113 pts)
[2026-03-30 14:23:20] STATUS: reusing previous (138 pts)
[2026-03-30 14:23:20] STATUS: reusing previous (142 pts)
[2026-03-30 14:23:20] STATUS: reusing previous (99 pts)
[2026-03-30 14:23:20] STATUS: reusing previous (93 pts)
[2026-03-30 14:23:20] STATUS: reusing previous (143 pts)
[2026-03-30 14:23:20] STATUS: live (181 pts)
[2026-03-30 14:23:20] STATUS: reusing previous (72 pts)
[2026-03-30 14:23:20] STATUS: reusing previous (129 pts)
[2026-03-30 14:23:20] STATUS: reusing previous (130 pts)
[2026-03-30 14:23:20] STATUS: reusing previous (68 pts)
[2026-03-30 14:23:20] STATUS: live (174 pts)
[2026-03-30 14:23:20] STATUS: reusing previous (48 pts)
[2026-03-30 14:23:20] STATUS: reusing previous (99 pts)
[2026-03-30 14:23:20] STATUS: reusing previous (121 pts)
[2026-03-30 14:23:20] STATUS: reusing previous (95 pts)
[2026-03-30 14:23:20] STATUS: reusing previous (63 pts)
[2026-03-30 14:23:20] STATUS: reusing previous (110 pts)
[2026-03-30 14:23:20] STATUS: reusing previous (112 pts)
[2026-03-30 14:23:20] STATUS: reusing previous (82 pts)
[2026-03-30 14:23:20] STATUS: reusing previous (133 pts)
[2026-03-30 14:23:21] STATUS: reusing previous (88 pts)
[2026-03-30 14:23:21] STATUS: reusing previous (106 pts)
[2026-03-30 14:23:21] STATUS: reusing previous (33 pts)
[2026-03-30 14:23:21] STATUS: reusing previous (41 pts)
[2026-03-30 14:23:21] STATUS: reusing previous (17 pts)
[2026-03-30 14:23:21] STATUS: reusing previous (49 pts)
[2026-03-30 14:23:21] STATUS: reusing previous (47 pts)
[2026-03-30 14:23:21] STATUS: reusing previous (36 pts)
[2026-03-30 14:23:21] STATUS: reusing previous (29 pts)
[2026-03-30 14:23:21] STATUS: reusing previous (43 pts)
[2026-03-30 14:23:21] STATUS: reusing previous (26 pts)
[2026-03-30 14:23:21] STATUS: reusing previous (51 pts)
[2026-03-30 14:23:21] STATUS: reusing previous (50 pts)
[2026-03-30 14:23:21] STATUS: reusing previous (56 pts)
[2026-03-30 14:23:21] STATUS: reusing previous (22 pts)
[2026-03-30 14:23:21] STATUS: reusing previous (30 pts)
[2026-03-30 14:23:21] STATUS: reusing previous (81 pts)
[2026-03-30 14:23:21] STATUS: reusing previous (35 pts)
[2026-03-30 14:23:21] STATUS: reusing previous (24 pts)
[2026-03-30 14:23:21] STATUS: reusing previous (63 pts)
[2026-03-30 14:23:21] STATUS: reusing previous (38 pts)
[2026-03-30 14:23:21] STATUS: reusing previous (107 pts)
[2026-03-30 14:23:21] STATUS: reusing previous (51 pts)
[2026-03-30 14:23:21] STATUS: reusing previous (1 pts)
[2026-03-30 14:23:21] STATUS: reusing previous (80 pts)
[2026-03-30 14:23:21] STATUS: reusing previous (61 pts)
[2026-03-30 14:23:21] STATUS: reusing previous (48 pts)
[2026-03-30 14:23:22] STATUS: reusing previous (28 pts)
[2026-03-30 14:23:22] STATUS: reusing previous (34 pts)
[2026-03-30 14:23:22] STATUS: reusing previous (49 pts)
[2026-03-30 14:23:22] STATUS: reusing previous (57 pts)
[2026-03-30 14:23:22] STATUS: reusing previous (57 pts)
[2026-03-30 14:23:22] STATUS: reusing previous (15 pts)
[2026-03-30 14:23:22] STATUS: reusing previous (44 pts)
[2026-03-30 14:23:22] STATUS: reusing previous (41 pts)
[2026-03-30 14:23:22] STATUS: reusing previous (75 pts)
[2026-03-30 14:23:22] STATUS: reusing previous (47 pts)
[2026-03-30 14:23:22] STATUS: reusing previous (64 pts)
[2026-03-30 14:23:22] STATUS: reusing previous (32 pts)
[2026-03-30 14:23:22] STATUS: reusing previous (24 pts)
[2026-03-30 14:23:22] STATUS: reusing previous (49 pts)
[2026-03-30 14:23:22] STATUS: reusing previous (28 pts)
[2026-03-30 14:23:22] STATUS: reusing previous (30 pts)
[2026-03-30 14:23:22] STATUS: reusing previous (47 pts)
[2026-03-30 14:23:22] STATUS: reusing previous (69 pts)
[2026-03-30 14:23:22] STATUS: reusing previous (46 pts)
[2026-03-30 14:23:22] STATUS: reusing previous (34 pts)
[2026-03-30 14:23:22] STATUS: reusing previous (3 pts)
[2026-03-30 14:23:22] STATUS: reusing previous (43 pts)
[2026-03-30 14:23:22] STATUS: reusing previous (35 pts)
[2026-03-30 14:23:22] STATUS: reusing previous (95 pts)
[2026-03-30 14:23:22] STATUS: reusing previous (23 pts)
[2026-03-30 14:23:22] STATUS: reusing previous (25 pts)
[2026-03-30 14:23:23] STATUS: reusing previous (53 pts)
[2026-03-30 14:23:23] STATUS: reusing previous (64 pts)
[2026-03-30 14:23:23] STATUS: reusing previous (52 pts)
[2026-03-30 14:23:23] STATUS: reusing previous (35 pts)
[2026-03-30 14:23:23] STATUS: reusing previous (52 pts)
[2026-03-30 14:23:23] STATUS: reusing previous (77 pts)
[2026-03-30 14:23:23] STATUS: reusing previous (56 pts)
[2026-03-30 14:23:23] STATUS: reusing previous (38 pts)
[2026-03-30 14:23:23] STATUS: reusing previous (15 pts)
[2026-03-30 14:23:23] STATUS: reusing previous (35 pts)
[2026-03-30 14:23:23] STATUS: reusing previous (52 pts)
[2026-03-30 14:23:23] STATUS: reusing previous (63 pts)
[2026-03-30 14:23:23] STATUS: reusing previous (36 pts)
[2026-03-30 14:23:23] STATUS: reusing previous (30 pts)
[2026-03-30 14:23:23] STATUS: reusing previous (35 pts)
[2026-03-30 14:23:23] STATUS: reusing previous (17 pts)
[2026-03-30 14:23:23] STATUS: reusing previous (51 pts)
[2026-03-30 14:23:23] STATUS: reusing previous (40 pts)
[2026-03-30 14:23:23] STATUS: reusing previous (27 pts)
[2026-03-30 14:23:23] STATUS: reusing previous (37 pts)
[2026-03-30 14:23:23] STATUS: reusing previous (61 pts)
[2026-03-30 14:23:23] STATUS: reusing previous (18 pts)
[2026-03-30 14:23:24] STATUS: reusing previous (15 pts)
[2026-03-30 14:23:24] STATUS: reusing previous (14 pts)
[2026-03-30 14:23:24] STATUS: reusing previous (22 pts)
[2026-03-30 14:23:24] STATUS: reusing previous (70 pts)
[2026-03-30 14:23:24] STATUS: reusing previous (68 pts)
[2026-03-30 14:23:24] STATUS: reusing previous (59 pts)
[2026-03-30 14:23:24] STATUS: reusing previous (118 pts)
[2026-03-30 14:23:24] STATUS: reusing previous (104 pts)
[2026-03-30 14:23:24] STATUS: reusing previous (54 pts)
[2026-03-30 14:23:24] STATUS: reusing previous (59 pts)
[2026-03-30 14:23:24] STATUS: reusing previous (93 pts)
[2026-03-30 14:23:24] STATUS: reusing previous (50 pts)
[2026-03-30 14:23:24] STATUS: reusing previous (71 pts)
[2026-03-30 14:23:24] STATUS: reusing previous (79 pts)
[2026-03-30 14:23:24] STATUS: reusing previous (81 pts)
[2026-03-30 14:23:24] STATUS: reusing previous (68 pts)
[2026-03-30 14:23:24] STATUS: reusing previous (40 pts)
[2026-03-30 14:23:24] STATUS: reusing previous (84 pts)
[2026-03-30 14:23:24] STATUS: reusing previous (76 pts)
[2026-03-30 14:23:24] STATUS: reusing previous (97 pts)
[2026-03-30 14:23:24] STATUS: reusing previous (98 pts)
[2026-03-30 14:23:24] STATUS: reusing previous (78 pts)
[2026-03-30 14:23:24] STATUS: reusing previous (93 pts)
[2026-03-30 14:23:25] STATUS: reusing previous (73 pts)
[2026-03-30 14:23:25] STATUS: reusing previous (49 pts)
[2026-03-30 14:23:25] STATUS: reusing previous (109 pts)
[2026-03-30 14:23:25] STATUS: reusing previous (95 pts)
[2026-03-30 14:23:25] STATUS: reusing previous (54 pts)
[2026-03-30 14:23:25] STATUS: reusing previous (78 pts)
[2026-03-30 14:23:25] STATUS: reusing previous (59 pts)
[2026-03-30 14:23:25] STATUS: reusing previous (79 pts)
[2026-03-30 14:23:25] STATUS: reusing previous (55 pts)
[2026-03-30 14:23:26] STATUS: reusing previous (46 pts)
[2026-03-30 14:23:26] STATUS: reusing previous (108 pts)
[2026-03-30 14:23:26] STATUS: reusing previous (61 pts)
[2026-03-30 14:23:26] STATUS: reusing previous (91 pts)
[2026-03-30 14:23:26] STATUS: reusing previous (103 pts)
[2026-03-30 14:23:26] STATUS: reusing previous (46 pts)
[2026-03-30 14:23:26] STATUS: reusing previous (84 pts)
[2026-03-30 14:23:26] STATUS: reusing previous (93 pts)
[2026-03-30 14:23:26] STATUS: reusing previous (88 pts)
[2026-03-30 14:23:26] STATUS: reusing previous (66 pts)
[2026-03-30 14:23:26] STATUS: reusing previous (56 pts)
[2026-03-30 14:23:26] STATUS: reusing previous (90 pts)
[2026-03-30 14:23:27] STATUS: reusing previous (65 pts)
[2026-03-30 14:23:27] STATUS: reusing previous (63 pts)
[2026-03-30 14:23:27] STATUS: reusing previous (86 pts)
[2026-03-30 14:23:27] STATUS: reusing previous (23 pts)
[2026-03-30 14:23:27] STATUS: reusing previous (148 pts)
[2026-03-30 14:23:27] STATUS: reusing previous (41 pts)
[2026-03-30 14:23:27] STATUS: reusing previous (42 pts)
[2026-03-30 14:23:27] STATUS: reusing previous (117 pts)
[2026-03-30 14:23:27] STATUS: reusing previous (76 pts)
[2026-03-30 14:23:27] STATUS: reusing previous (37 pts)
[2026-03-30 14:23:27] STATUS: reusing previous (49 pts)
[2026-03-30 14:23:27] STATUS: reusing previous (95 pts)
[2026-03-30 14:23:27] STATUS: reusing previous (65 pts)
[2026-03-30 14:23:27] STATUS: reusing previous (85 pts)
[2026-03-30 14:23:27] STATUS: reusing previous (5 pts)
[2026-03-30 14:23:27] STATUS: reusing previous (95 pts)
[2026-03-30 14:23:27] STATUS: reusing previous (73 pts)
[2026-03-30 14:23:27] STATUS: reusing previous (58 pts)
[2026-03-30 14:23:27] STATUS: reusing previous (63 pts)
[2026-03-30 14:23:27] STATUS: reusing previous (110 pts)
[2026-03-30 14:23:27] STATUS: reusing previous (95 pts)
[2026-03-30 14:23:28] STATUS: live (167 pts)
[2026-03-30 14:23:28] STATUS: reusing previous (55 pts)
[2026-03-30 14:23:28] STATUS: reusing previous (98 pts)
[2026-03-30 14:23:28] STATUS: reusing previous (125 pts)
[2026-03-30 14:23:28] STATUS: reusing previous (26 pts)
[2026-03-30 14:23:28] STATUS: reusing previous (48 pts)
[2026-03-30 14:23:28] STATUS: reusing previous (28 pts)
[2026-03-30 14:23:28] STATUS: reusing previous (37 pts)
[2026-03-30 14:23:28] STATUS: reusing previous (15 pts)
[2026-03-30 14:23:28] STATUS: reusing previous (33 pts)
[2026-03-30 14:23:28] STATUS: reusing previous (42 pts)
[2026-03-30 14:23:28] STATUS: reusing previous (16 pts)
[2026-03-30 14:23:28] STATUS: reusing previous (10 pts)
[2026-03-30 14:23:28] STATUS: reusing previous (12 pts)
[2026-03-30 14:23:28] STATUS: reusing previous (32 pts)
[2026-03-30 14:23:28] STATUS: reusing previous (38 pts)
[2026-03-30 14:23:28] STATUS: reusing previous (34 pts)
[2026-03-30 14:23:28] STATUS: reusing previous (35 pts)
[2026-03-30 14:23:28] [lidar] LIDAR 1 disconnected successfully
[2026-03-30 14:23:47] STATUS: RIGHT BEF CONNECTING
[2026-03-30 14:23:47] [lidar] connect request port=/dev/ttyUSB0 baudrate=115200
[2026-03-30 14:23:47] Connected to LIDAR server at 100.109.145.53:12345
[2026-03-30 14:23:49] [lidar] Connected successfully, LIDAR ID: 2
[2026-03-30 14:23:49] STATUS: RIGHT AFT CONNECTING
[2026-03-30 14:23:49] STATUS: 2
[2026-03-30 14:23:49] STATUS: connected (mode 3)
[2026-03-30 14:23:51] STATUS: warming up 1/5
[2026-03-30 14:23:51] STATUS: warming up 2/5
[2026-03-30 14:23:51] STATUS: warming up 3/5
[2026-03-30 14:23:51] STATUS: warming up 4/5
[2026-03-30 14:23:51] STATUS: warming up 5/5
[2026-03-30 14:23:51] STATUS: live (258 pts)
[2026-03-30 14:23:52] STATUS: live (255 pts)
[2026-03-30 14:23:52] STATUS: live (256 pts)
[2026-03-30 14:23:52] STATUS: live (256 pts)
[2026-03-30 14:23:52] STATUS: live (252 pts)
[2026-03-30 14:23:52] STATUS: live (256 pts)
[2026-03-30 14:23:52] STATUS: live (253 pts)
[2026-03-30 14:23:52] STATUS: live (257 pts)
[2026-03-30 14:23:52] STATUS: live (260 pts)
[2026-03-30 14:23:53] STATUS: live (251 pts)
[2026-03-30 14:23:53] STATUS: live (256 pts)
[2026-03-30 14:23:53] STATUS: live (255 pts)
[2026-03-30 14:23:53] STATUS: live (252 pts)
[2026-03-30 14:23:53] STATUS: live (253 pts)
[2026-03-30 14:23:53] STATUS: live (254 pts)
[2026-03-30 14:23:53] STATUS: live (257 pts)
[2026-03-30 14:23:54] STATUS: live (258 pts)
[2026-03-30 14:23:54] STATUS: live (254 pts)
[2026-03-30 14:23:54] STATUS: live (260 pts)
[2026-03-30 14:23:54] STATUS: live (256 pts)
[2026-03-30 14:23:54] STATUS: live (257 pts)
[2026-03-30 14:23:54] STATUS: live (251 pts)
[2026-03-30 14:23:54] STATUS: live (252 pts)
[2026-03-30 14:23:54] STATUS: live (251 pts)
[2026-03-30 14:23:55] STATUS: live (260 pts)
[2026-03-30 14:23:55] STATUS: live (266 pts)
[2026-03-30 14:23:55] STATUS: live (263 pts)
[2026-03-30 14:23:55] STATUS: live (266 pts)
[2026-03-30 14:23:55] STATUS: live (245 pts)
[2026-03-30 14:23:55] STATUS: live (239 pts)
[2026-03-30 14:23:55] STATUS: live (215 pts)
[2026-03-30 14:23:56] STATUS: live (245 pts)
[2026-03-30 14:23:56] STATUS: live (249 pts)
[2026-03-30 14:23:56] STATUS: live (259 pts)
[2026-03-30 14:23:56] STATUS: live (261 pts)
[2026-03-30 14:23:56] STATUS: live (263 pts)
[2026-03-30 14:23:56] STATUS: live (263 pts)
[2026-03-30 14:23:56] STATUS: live (263 pts)
[2026-03-30 14:23:56] STATUS: live (260 pts)
[2026-03-30 14:23:57] STATUS: live (264 pts)
[2026-03-30 14:23:57] STATUS: live (257 pts)
[2026-03-30 14:23:57] STATUS: live (261 pts)
[2026-03-30 14:23:57] STATUS: live (244 pts)
[2026-03-30 14:23:57] STATUS: live (236 pts)
[2026-03-30 14:23:57] STATUS: live (219 pts)
[2026-03-30 14:23:57] STATUS: live (215 pts)
[2026-03-30 14:23:58] STATUS: live (208 pts)
[2026-03-30 14:23:58] STATUS: live (202 pts)
[2026-03-30 14:23:58] STATUS: live (201 pts)
[2026-03-30 14:23:58] STATUS: live (202 pts)
[2026-03-30 14:23:58] STATUS: live (195 pts)
[2026-03-30 14:23:58] STATUS: live (196 pts)
[2026-03-30 14:23:58] STATUS: live (198 pts)
[2026-03-30 14:23:58] STATUS: live (190 pts)
[2026-03-30 14:23:59] STATUS: live (188 pts)
[2026-03-30 14:23:59] STATUS: live (192 pts)
[2026-03-30 14:23:59] STATUS: live (185 pts)
[2026-03-30 14:23:59] STATUS: live (178 pts)
[2026-03-30 14:23:59] STATUS: live (187 pts)
[2026-03-30 14:23:59] STATUS: live (186 pts)
[2026-03-30 14:23:59] STATUS: live (185 pts)
[2026-03-30 14:23:59] STATUS: live (188 pts)
[2026-03-30 14:24:00] STATUS: live (184 pts)
[2026-03-30 14:24:00] STATUS: live (188 pts)
[2026-03-30 14:24:00] STATUS: live (191 pts)
[2026-03-30 14:24:00] STATUS: live (195 pts)
[2026-03-30 14:24:00] STATUS: live (186 pts)
[2026-03-30 14:24:00] STATUS: live (194 pts)
[2026-03-30 14:24:00] STATUS: live (192 pts)
[2026-03-30 14:24:01] STATUS: live (190 pts)
[2026-03-30 14:24:01] STATUS: live (194 pts)
[2026-03-30 14:24:01] STATUS: live (191 pts)
[2026-03-30 14:24:01] STATUS: live (194 pts)
[2026-03-30 14:24:01] STATUS: live (189 pts)
[2026-03-30 14:24:01] STATUS: live (191 pts)
[2026-03-30 14:24:01] STATUS: live (193 pts)
[2026-03-30 14:24:01] STATUS: live (195 pts)
[2026-03-30 14:24:02] STATUS: live (195 pts)
[2026-03-30 14:24:02] STATUS: live (197 pts)
[2026-03-30 14:24:02] STATUS: live (187 pts)
[2026-03-30 14:24:02] STATUS: live (192 pts)
[2026-03-30 14:24:02] STATUS: live (193 pts)
[2026-03-30 14:24:02] STATUS: live (195 pts)
[2026-03-30 14:24:02] STATUS: live (196 pts)
[2026-03-30 14:24:03] STATUS: live (191 pts)
[2026-03-30 14:24:03] STATUS: live (196 pts)
[2026-03-30 14:24:03] STATUS: live (194 pts)
[2026-03-30 14:24:03] STATUS: live (195 pts)
[2026-03-30 14:24:03] STATUS: live (196 pts)
[2026-03-30 14:24:03] STATUS: live (192 pts)
[2026-03-30 14:24:03] STATUS: live (190 pts)
[2026-03-30 14:24:03] STATUS: live (190 pts)
[2026-03-30 14:24:04] STATUS: live (186 pts)
[2026-03-30 14:24:04] STATUS: live (180 pts)
[2026-03-30 14:24:04] STATUS: live (187 pts)
[2026-03-30 14:24:04] STATUS: live (173 pts)
[2026-03-30 14:24:04] STATUS: live (178 pts)
[2026-03-30 14:24:04] STATUS: live (181 pts)
[2026-03-30 14:24:04] STATUS: live (188 pts)
[2026-03-30 14:24:05] STATUS: live (200 pts)
[2026-03-30 14:24:05] STATUS: live (240 pts)
[2026-03-30 14:24:05] STATUS: live (247 pts)
[2026-03-30 14:24:05] STATUS: live (243 pts)
[2026-03-30 14:24:05] STATUS: live (224 pts)
[2026-03-30 14:24:05] STATUS: live (196 pts)
[2026-03-30 14:24:05] STATUS: live (162 pts)
[2026-03-30 14:24:06] STATUS: reusing previous (33 pts)
[2026-03-30 14:24:06] STATUS: reusing previous (71 pts)
[2026-03-30 14:24:06] STATUS: reusing previous (1 pts)
[2026-03-30 14:24:06] STATUS: reusing previous (149 pts)
[2026-03-30 14:24:06] STATUS: reusing previous (62 pts)
[2026-03-30 14:24:06] STATUS: reusing previous (81 pts)
[2026-03-30 14:24:06] STATUS: reusing previous (76 pts)
[2026-03-30 14:24:06] STATUS: reusing previous (0 pts)
[2026-03-30 14:24:06] STATUS: reusing previous (140 pts)
[2026-03-30 14:24:06] STATUS: reusing previous (57 pts)
[2026-03-30 14:24:06] STATUS: reusing previous (42 pts)
[2026-03-30 14:24:06] STATUS: reusing previous (101 pts)
[2026-03-30 14:24:06] STATUS: reusing previous (129 pts)
[2026-03-30 14:24:06] STATUS: reusing previous (50 pts)
[2026-03-30 14:24:07] STATUS: reusing previous (60 pts)
[2026-03-30 14:24:07] STATUS: reusing previous (112 pts)
[2026-03-30 14:24:07] STATUS: reusing previous (146 pts)
[2026-03-30 14:24:07] STATUS: reusing previous (37 pts)
[2026-03-30 14:24:07] STATUS: reusing previous (42 pts)
[2026-03-30 14:24:07] STATUS: reusing previous (106 pts)
[2026-03-30 14:24:07] STATUS: reusing previous (65 pts)
[2026-03-30 14:24:07] STATUS: live (152 pts)
[2026-03-30 14:24:07] STATUS: reusing previous (67 pts)
[2026-03-30 14:24:07] STATUS: reusing previous (24 pts)
[2026-03-30 14:24:07] [lidar] LIDAR 2 disconnected successfully
[2026-03-30 14:26:29] STATUS: RIGHT BEF CONNECTING
[2026-03-30 14:26:29] [lidar] connect request port=/dev/ttyUSB0 baudrate=115200
[2026-03-30 14:26:32] Failed to connect to LIDAR server: [WinError 1225] The remote computer refused the network connection
[2026-03-30 14:26:32] [lidar] Connection error: [WinError 1225] The remote computer refused the network connection
[2026-03-30 14:26:32] STATUS: RIGHT AFT CONNECTING
[2026-03-30 14:26:32] STATUS: None
[2026-03-30 14:26:32] ERROR: Could not connect to LIDAR on /dev/ttyUSB0
[2026-03-30 14:27:10] STATUS: RIGHT BEF CONNECTING
[2026-03-30 14:27:10] [lidar] connect request port=/dev/ttyUSB0 baudrate=115200
[2026-03-30 14:27:10] Connected to LIDAR server at 100.109.145.53:12345
[2026-03-30 14:27:12] [lidar] Connected successfully, LIDAR ID: 1
[2026-03-30 14:27:12] STATUS: RIGHT AFT CONNECTING
[2026-03-30 14:27:12] STATUS: 1
[2026-03-30 14:27:12] STATUS: connected (mode 3)
[2026-03-30 14:27:14] STATUS: warming up 1/5
[2026-03-30 14:27:14] STATUS: warming up 2/5
[2026-03-30 14:27:14] STATUS: warming up 3/5
[2026-03-30 14:27:14] STATUS: warming up 4/5
[2026-03-30 14:27:14] STATUS: warming up 5/5
[2026-03-30 14:27:15] STATUS: live (279 pts)
[2026-03-30 14:27:15] STATUS: live (283 pts)
[2026-03-30 14:27:15] STATUS: live (282 pts)
[2026-03-30 14:27:15] STATUS: live (283 pts)
[2026-03-30 14:27:15] STATUS: live (287 pts)
[2026-03-30 14:27:15] STATUS: live (292 pts)
[2026-03-30 14:27:15] STATUS: live (287 pts)
[2026-03-30 14:27:15] STATUS: live (281 pts)
[2026-03-30 14:27:16] STATUS: live (288 pts)
[2026-03-30 14:27:16] STATUS: live (287 pts)
[2026-03-30 14:27:16] STATUS: live (285 pts)
[2026-03-30 14:27:16] STATUS: live (286 pts)
[2026-03-30 14:27:16] STATUS: live (288 pts)
[2026-03-30 14:27:16] STATUS: live (286 pts)
[2026-03-30 14:27:16] STATUS: live (292 pts)
[2026-03-30 14:27:17] STATUS: live (289 pts)
[2026-03-30 14:27:17] STATUS: live (285 pts)
[2026-03-30 14:27:17] STATUS: live (279 pts)
[2026-03-30 14:27:17] STATUS: live (290 pts)
[2026-03-30 14:27:17] STATUS: live (284 pts)
[2026-03-30 14:27:17] STATUS: live (282 pts)
[2026-03-30 14:27:17] STATUS: live (281 pts)
[2026-03-30 14:27:17] STATUS: live (285 pts)
[2026-03-30 14:27:18] STATUS: live (282 pts)
[2026-03-30 14:27:18] STATUS: live (287 pts)
[2026-03-30 14:27:18] STATUS: live (290 pts)
[2026-03-30 14:27:18] STATUS: live (285 pts)
[2026-03-30 14:27:18] STATUS: live (293 pts)
[2026-03-30 14:27:18] STATUS: live (285 pts)
[2026-03-30 14:27:18] STATUS: live (285 pts)
[2026-03-30 14:27:19] STATUS: live (285 pts)
[2026-03-30 14:27:19] STATUS: live (284 pts)
[2026-03-30 14:27:19] STATUS: live (283 pts)
[2026-03-30 14:27:19] STATUS: live (284 pts)
[2026-03-30 14:27:19] STATUS: live (281 pts)
[2026-03-30 14:27:19] STATUS: live (279 pts)
[2026-03-30 14:27:19] STATUS: live (256 pts)
[2026-03-30 14:27:19] STATUS: live (257 pts)
[2026-03-30 14:27:20] STATUS: live (250 pts)
[2026-03-30 14:27:20] STATUS: live (243 pts)
[2026-03-30 14:27:20] STATUS: live (238 pts)
[2026-03-30 14:27:20] STATUS: live (234 pts)
[2026-03-30 14:27:20] STATUS: live (231 pts)
[2026-03-30 14:27:20] STATUS: live (232 pts)
[2026-03-30 14:27:20] STATUS: live (226 pts)
[2026-03-30 14:27:21] STATUS: live (233 pts)
[2026-03-30 14:27:21] STATUS: live (230 pts)
[2026-03-30 14:27:21] STATUS: live (231 pts)
[2026-03-30 14:27:21] STATUS: live (237 pts)
[2026-03-30 14:27:21] STATUS: live (236 pts)
[2026-03-30 14:27:21] STATUS: live (252 pts)
[2026-03-30 14:27:21] STATUS: live (243 pts)
[2026-03-30 14:27:21] STATUS: live (243 pts)
[2026-03-30 14:27:22] STATUS: live (235 pts)
[2026-03-30 14:27:22] STATUS: live (248 pts)
[2026-03-30 14:27:22] STATUS: live (245 pts)
[2026-03-30 14:27:22] STATUS: live (247 pts)
[2026-03-30 14:27:22] STATUS: live (281 pts)
[2026-03-30 14:27:22] STATUS: live (276 pts)
[2026-03-30 14:27:22] STATUS: live (276 pts)
[2026-03-30 14:27:23] STATUS: live (280 pts)
[2026-03-30 14:27:23] STATUS: live (275 pts)
[2026-03-30 14:27:23] STATUS: live (275 pts)
[2026-03-30 14:27:23] STATUS: live (271 pts)
[2026-03-30 14:27:23] STATUS: live (271 pts)
[2026-03-30 14:27:23] STATUS: live (275 pts)
[2026-03-30 14:27:23] STATUS: live (275 pts)
[2026-03-30 14:27:23] STATUS: live (256 pts)
[2026-03-30 14:27:24] STATUS: live (247 pts)
[2026-03-30 14:27:24] STATUS: live (251 pts)
[2026-03-30 14:27:24] STATUS: live (249 pts)
[2026-03-30 14:27:24] STATUS: live (247 pts)
[2026-03-30 14:27:24] STATUS: live (255 pts)
[2026-03-30 14:27:24] STATUS: live (248 pts)
[2026-03-30 14:27:24] STATUS: live (253 pts)
[2026-03-30 14:27:25] STATUS: live (258 pts)
[2026-03-30 14:27:25] STATUS: live (259 pts)
[2026-03-30 14:27:25] STATUS: live (257 pts)
[2026-03-30 14:27:25] STATUS: live (254 pts)
[2026-03-30 14:27:25] STATUS: live (251 pts)
[2026-03-30 14:27:25] STATUS: live (251 pts)
[2026-03-30 14:27:25] STATUS: live (250 pts)
[2026-03-30 14:27:25] STATUS: live (249 pts)
[2026-03-30 14:27:26] STATUS: live (242 pts)
[2026-03-30 14:27:26] STATUS: live (236 pts)
[2026-03-30 14:27:26] STATUS: live (235 pts)
[2026-03-30 14:27:26] STATUS: live (219 pts)
[2026-03-30 14:27:26] STATUS: live (213 pts)
[2026-03-30 14:27:26] STATUS: live (237 pts)
[2026-03-30 14:27:26] STATUS: live (252 pts)
[2026-03-30 14:27:26] STATUS: live (255 pts)
[2026-03-30 14:27:27] STATUS: live (249 pts)
[2026-03-30 14:27:27] STATUS: live (247 pts)
[2026-03-30 14:27:27] STATUS: live (242 pts)
[2026-03-30 14:27:27] STATUS: live (250 pts)
[2026-03-30 14:27:27] STATUS: live (245 pts)
[2026-03-30 14:27:27] STATUS: live (249 pts)
[2026-03-30 14:27:27] STATUS: live (248 pts)
[2026-03-30 14:27:28] STATUS: live (246 pts)
[2026-03-30 14:27:28] STATUS: live (242 pts)
[2026-03-30 14:27:28] STATUS: live (243 pts)
[2026-03-30 14:27:28] STATUS: live (242 pts)
[2026-03-30 14:27:28] STATUS: live (246 pts)
[2026-03-30 14:27:28] STATUS: live (243 pts)
[2026-03-30 14:27:28] STATUS: live (239 pts)
[2026-03-30 14:27:28] STATUS: live (239 pts)
[2026-03-30 14:27:29] STATUS: live (242 pts)
[2026-03-30 14:27:29] STATUS: live (242 pts)
[2026-03-30 14:27:29] STATUS: live (243 pts)
[2026-03-30 14:27:29] STATUS: live (235 pts)
[2026-03-30 14:27:29] STATUS: live (212 pts)
[2026-03-30 14:27:29] STATUS: live (216 pts)
[2026-03-30 14:27:29] STATUS: live (213 pts)
[2026-03-30 14:27:29] STATUS: live (214 pts)
[2026-03-30 14:27:30] STATUS: live (216 pts)
[2026-03-30 14:27:30] STATUS: live (218 pts)
[2026-03-30 14:27:30] STATUS: live (218 pts)
[2026-03-30 14:27:30] STATUS: live (242 pts)
[2026-03-30 14:27:30] STATUS: live (253 pts)
[2026-03-30 14:27:30] STATUS: live (244 pts)
[2026-03-30 14:27:30] STATUS: live (251 pts)
[2026-03-30 14:27:31] STATUS: live (245 pts)
[2026-03-30 14:27:31] STATUS: live (246 pts)
[2026-03-30 14:27:31] STATUS: live (250 pts)
[2026-03-30 14:27:31] STATUS: live (245 pts)
[2026-03-30 14:27:31] STATUS: live (247 pts)
[2026-03-30 14:27:31] STATUS: live (247 pts)
[2026-03-30 14:27:31] STATUS: live (253 pts)
[2026-03-30 14:27:31] STATUS: live (252 pts)
[2026-03-30 14:27:32] STATUS: live (254 pts)
[2026-03-30 14:27:32] STATUS: live (251 pts)
[2026-03-30 14:27:32] STATUS: live (252 pts)
[2026-03-30 14:27:32] STATUS: live (255 pts)
[2026-03-30 14:27:32] STATUS: live (253 pts)
[2026-03-30 14:27:32] STATUS: live (260 pts)
[2026-03-30 14:27:32] STATUS: live (256 pts)
[2026-03-30 14:27:33] STATUS: live (262 pts)
[2026-03-30 14:27:33] STATUS: live (257 pts)
[2026-03-30 14:27:33] STATUS: live (261 pts)
[2026-03-30 14:27:33] STATUS: live (262 pts)
[2026-03-30 14:27:33] STATUS: live (259 pts)
[2026-03-30 14:27:33] STATUS: live (261 pts)
[2026-03-30 14:27:33] STATUS: live (246 pts)
[2026-03-30 14:27:34] STATUS: live (254 pts)
[2026-03-30 14:27:34] STATUS: live (250 pts)
[2026-03-30 14:27:34] STATUS: live (256 pts)
[2026-03-30 14:27:34] STATUS: live (263 pts)
[2026-03-30 14:27:34] STATUS: live (261 pts)
[2026-03-30 14:27:34] STATUS: live (264 pts)
[2026-03-30 14:27:34] STATUS: live (278 pts)
[2026-03-30 14:27:34] STATUS: live (281 pts)
[2026-03-30 14:27:35] STATUS: live (278 pts)
[2026-03-30 14:27:35] STATUS: live (284 pts)
[2026-03-30 14:27:35] STATUS: live (286 pts)
[2026-03-30 14:27:35] STATUS: live (285 pts)
[2026-03-30 14:27:35] STATUS: live (283 pts)
[2026-03-30 14:27:35] STATUS: live (282 pts)
[2026-03-30 14:27:35] STATUS: live (281 pts)
[2026-03-30 14:27:35] STATUS: live (277 pts)
[2026-03-30 14:27:36] STATUS: live (285 pts)
[2026-03-30 14:27:36] STATUS: live (281 pts)
[2026-03-30 14:27:36] STATUS: live (277 pts)
[2026-03-30 14:27:36] STATUS: live (254 pts)
[2026-03-30 14:27:36] STATUS: live (259 pts)
[2026-03-30 14:27:36] STATUS: live (262 pts)
[2026-03-30 14:27:36] STATUS: live (261 pts)
[2026-03-30 14:27:36] STATUS: live (265 pts)
[2026-03-30 14:27:37] STATUS: live (257 pts)
[2026-03-30 14:27:37] STATUS: live (262 pts)
[2026-03-30 14:27:37] STATUS: live (257 pts)
[2026-03-30 14:27:37] STATUS: live (258 pts)
[2026-03-30 14:27:37] STATUS: live (257 pts)
[2026-03-30 14:27:37] STATUS: live (243 pts)
[2026-03-30 14:27:37] STATUS: live (247 pts)
[2026-03-30 14:27:38] STATUS: live (246 pts)
[2026-03-30 14:27:38] STATUS: live (259 pts)
[2026-03-30 14:27:38] STATUS: live (258 pts)
[2026-03-30 14:27:38] STATUS: live (250 pts)
[2026-03-30 14:27:38] STATUS: live (255 pts)
[2026-03-30 14:27:38] STATUS: live (251 pts)
[2026-03-30 14:27:38] STATUS: live (277 pts)
[2026-03-30 14:27:38] STATUS: live (289 pts)
[2026-03-30 14:27:39] STATUS: live (278 pts)
[2026-03-30 14:27:39] STATUS: live (274 pts)
[2026-03-30 14:27:39] STATUS: live (275 pts)
[2026-03-30 14:27:39] STATUS: live (263 pts)
[2026-03-30 14:27:39] STATUS: live (276 pts)
[2026-03-30 14:27:39] STATUS: live (272 pts)
[2026-03-30 14:27:39] STATUS: live (274 pts)
[2026-03-30 14:27:39] STATUS: live (258 pts)
[2026-03-30 14:27:40] STATUS: live (244 pts)
[2026-03-30 14:27:40] STATUS: live (240 pts)
[2026-03-30 14:27:40] STATUS: live (237 pts)
[2026-03-30 14:27:40] STATUS: live (238 pts)
[2026-03-30 14:27:40] STATUS: live (238 pts)
[2026-03-30 14:27:40] STATUS: live (241 pts)
[2026-03-30 14:27:40] STATUS: live (230 pts)
[2026-03-30 14:27:41] STATUS: live (233 pts)
[2026-03-30 14:27:41] STATUS: live (242 pts)
[2026-03-30 14:27:41] STATUS: live (238 pts)
[2026-03-30 14:27:41] STATUS: live (236 pts)
[2026-03-30 14:27:41] STATUS: live (232 pts)
[2026-03-30 14:27:41] STATUS: live (233 pts)
[2026-03-30 14:27:41] STATUS: live (232 pts)
[2026-03-30 14:27:41] STATUS: live (230 pts)
[2026-03-30 14:27:42] STATUS: live (230 pts)
[2026-03-30 14:27:42] STATUS: live (227 pts)
[2026-03-30 14:27:42] STATUS: live (223 pts)
[2026-03-30 14:27:42] STATUS: live (222 pts)
[2026-03-30 14:27:42] STATUS: live (228 pts)
[2026-03-30 14:27:42] STATUS: live (220 pts)
[2026-03-30 14:27:42] STATUS: live (221 pts)
[2026-03-30 14:27:43] STATUS: live (223 pts)
[2026-03-30 14:27:43] STATUS: live (226 pts)
[2026-03-30 14:27:43] STATUS: live (215 pts)
